app/build/intermediates/manifest_merge_blame_file/release/manifest-merger-blame-release-report.txt
1<?xml version="1.0" encoding="utf-8"?>
2<manifest xmlns:android="http://schemas.android.com/apk/res/android"
3    package="com.sombersoft.slacklog"
4    android:versionCode="84"
5    android:versionName="2.1.55" >
6
7    <uses-sdk
8        android:minSdkVersion="23"
8-->src/main/AndroidManifest.xml
9        android:targetSdkVersion="29" />
9-->src/main/AndroidManifest.xml
10
11    <uses-permission android:name="android.permission.INTERNET" />
11-->src/main/AndroidManifest.xml:6:5-67
11-->src/main/AndroidManifest.xml:6:22-64
12    <uses-permission android:name="android.permission.RECEIVE_BOOT_COMPLETED" />
12-->src/main/AndroidManifest.xml:7:5-81
12-->src/main/AndroidManifest.xml:7:22-78
13    <uses-permission android:name="android.permission.ACCESS_NETWORK_STATE" />
13-->src/main/AndroidManifest.xml:8:5-79
13-->src/main/AndroidManifest.xml:8:22-76
14    <uses-permission android:name="android.permission.WAKE_LOCK" />
14-->[com.evernote:android-job:1.2.5] AndroidManifest.xml:12:5-68
14-->[com.evernote:android-job:1.2.5] AndroidManifest.xml:12:22-65
15
16    <application
16-->src/main/AndroidManifest.xml:10:5-105:19
17        android:allowBackup="true"
17-->src/main/AndroidManifest.xml:11:9-35
18        android:appComponentFactory="androidx.core.app.CoreComponentFactory"
18-->[androidx.core:core:1.1.0] AndroidManifest.xml:24:18-86
19        android:extractNativeLibs="false"
20        android:icon="@drawable/ic_launcher"
20-->src/main/AndroidManifest.xml:12:9-45
21        android:label="@string/app_name"
21-->src/main/AndroidManifest.xml:13:9-41
22        android:supportsRtl="true"
22-->src/main/AndroidManifest.xml:14:9-35
23        android:theme="@style/AppBaseTheme"
23-->src/main/AndroidManifest.xml:15:9-44
24        android:usesCleartextTraffic="true" >
24-->src/main/AndroidManifest.xml:16:9-44
25        <activity
25-->src/main/AndroidManifest.xml:18:9-27:20
26            android:name="com.sombersoft.slacklog.MainActivity"
26-->src/main/AndroidManifest.xml:19:13-64
27            android:label="@string/app_name"
27-->src/main/AndroidManifest.xml:20:13-45
28            android:screenOrientation="portrait" >
28-->src/main/AndroidManifest.xml:21:13-49
29            <intent-filter>
29-->src/main/AndroidManifest.xml:23:13-26:29
30                <action android:name="android.intent.action.MAIN" />
30-->src/main/AndroidManifest.xml:24:17-69
30-->src/main/AndroidManifest.xml:24:25-66
31
32                <category android:name="android.intent.category.LAUNCHER" />
32-->src/main/AndroidManifest.xml:25:17-77
32-->src/main/AndroidManifest.xml:25:27-74
33            </intent-filter>
34        </activity>
35        <activity
35-->src/main/AndroidManifest.xml:28:9-37:20
36            android:name="com.sombersoft.slacklog.Changelog"
36-->src/main/AndroidManifest.xml:29:13-61
37            android:label="@string/changelog"
37-->src/main/AndroidManifest.xml:30:13-46
38            android:parentActivityName="com.sombersoft.slacklog.MainActivity" >
38-->src/main/AndroidManifest.xml:31:13-78
39
40            <!-- Parent activity meta-data to support API level 7+ -->
41            <meta-data
41-->src/main/AndroidManifest.xml:34:13-36:72
42                android:name="android.support.PARENT_ACTIVITY"
42-->src/main/AndroidManifest.xml:35:17-63
43                android:value="com.sombersoft.slacklog.MainActivity" />
43-->src/main/AndroidManifest.xml:36:17-69
44        </activity>
45        <activity
45-->src/main/AndroidManifest.xml:39:9-47:20
46            android:name="com.sombersoft.slacklog.Multilib"
46-->src/main/AndroidManifest.xml:40:13-60
47            android:label="@string/title_activity_multilib"
47-->src/main/AndroidManifest.xml:41:13-60
48            android:parentActivityName="com.sombersoft.slacklog.MainActivity"
48-->src/main/AndroidManifest.xml:42:13-78
49            android:screenOrientation="portrait" >
49-->src/main/AndroidManifest.xml:43:13-49
50            <meta-data
50-->src/main/AndroidManifest.xml:34:13-36:72
51                android:name="android.support.PARENT_ACTIVITY"
51-->src/main/AndroidManifest.xml:35:17-63
52                android:value="com.sombersoft.slacklog.MainActivity" />
52-->src/main/AndroidManifest.xml:36:17-69
53        </activity>
54        <activity
54-->src/main/AndroidManifest.xml:48:9-56:20
55            android:name="com.sombersoft.slacklog.Kernel"
55-->src/main/AndroidManifest.xml:49:13-58
56            android:label="@string/title_activity_kernel"
56-->src/main/AndroidManifest.xml:50:13-58
57            android:parentActivityName="com.sombersoft.slacklog.MainActivity"
57-->src/main/AndroidManifest.xml:51:13-78
58            android:screenOrientation="portrait" >
58-->src/main/AndroidManifest.xml:52:13-49
59            <meta-data
59-->src/main/AndroidManifest.xml:34:13-36:72
60                android:name="android.support.PARENT_ACTIVITY"
60-->src/main/AndroidManifest.xml:35:17-63
61                android:value="com.sombersoft.slacklog.MainActivity" />
61-->src/main/AndroidManifest.xml:36:17-69
62        </activity>
63        <activity
63-->src/main/AndroidManifest.xml:58:9-66:20
64            android:name="com.sombersoft.slacklog.Forum"
64-->src/main/AndroidManifest.xml:59:13-57
65            android:configChanges="orientation|screenSize"
65-->src/main/AndroidManifest.xml:60:13-59
66            android:label="@string/title_activity_forum"
66-->src/main/AndroidManifest.xml:61:13-57
67            android:parentActivityName="com.sombersoft.slacklog.MainActivity" >
67-->src/main/AndroidManifest.xml:62:13-78
68            <meta-data
68-->src/main/AndroidManifest.xml:34:13-36:72
69                android:name="android.support.PARENT_ACTIVITY"
69-->src/main/AndroidManifest.xml:35:17-63
70                android:value="com.sombersoft.slacklog.MainActivity" />
70-->src/main/AndroidManifest.xml:36:17-69
71        </activity>
72        <activity android:name="com.sombersoft.slacklog.SettingsActivity" />
72-->src/main/AndroidManifest.xml:67:9-54
72-->src/main/AndroidManifest.xml:67:19-51
73        <activity
73-->src/main/AndroidManifest.xml:68:9-74:20
74            android:name="com.sombersoft.slacklog.ForumLQ"
74-->src/main/AndroidManifest.xml:69:13-59
75            android:label="@string/title_activity_forum_lq" >
75-->src/main/AndroidManifest.xml:70:13-60
76            <meta-data
76-->src/main/AndroidManifest.xml:34:13-36:72
77                android:name="android.support.PARENT_ACTIVITY"
77-->src/main/AndroidManifest.xml:35:17-63
78                android:value="com.sombersoft.slacklog.MainActivity" />
78-->src/main/AndroidManifest.xml:36:17-69
79        </activity>
80
81        <receiver
81-->src/main/AndroidManifest.xml:76:9-86:20
82            android:name="com.sombersoft.slacklog.ChangelogBroadcastReceiver"
82-->src/main/AndroidManifest.xml:77:13-78
83            android:enabled="true"
83-->src/main/AndroidManifest.xml:78:13-35
84            android:exported="true" >
84-->src/main/AndroidManifest.xml:79:13-36
85            <intent-filter>
85-->src/main/AndroidManifest.xml:80:13-85:29
86                <action android:name="android.intent.action.BOOT_COMPLETED" />
86-->src/main/AndroidManifest.xml:81:17-79
86-->src/main/AndroidManifest.xml:81:25-76
87                <action android:name="android.intent.action.QUICKBOOT_POWERON" />
87-->src/main/AndroidManifest.xml:82:17-82
87-->src/main/AndroidManifest.xml:82:25-79
88
89                <category android:name="android.intent.category.DEFAULT" />
89-->src/main/AndroidManifest.xml:84:17-76
89-->src/main/AndroidManifest.xml:84:27-73
90            </intent-filter>
91        </receiver>
92        <receiver
92-->src/main/AndroidManifest.xml:87:9-97:20
93            android:name="com.sombersoft.slacklog.MultilibBroadcastReceiver"
93-->src/main/AndroidManifest.xml:88:13-77
94            android:enabled="true"
94-->src/main/AndroidManifest.xml:89:13-35
95            android:exported="true" >
95-->src/main/AndroidManifest.xml:90:13-36
96            <intent-filter>
96-->src/main/AndroidManifest.xml:80:13-85:29
97                <action android:name="android.intent.action.BOOT_COMPLETED" />
97-->src/main/AndroidManifest.xml:81:17-79
97-->src/main/AndroidManifest.xml:81:25-76
98                <action android:name="android.intent.action.QUICKBOOT_POWERON" />
98-->src/main/AndroidManifest.xml:82:17-82
98-->src/main/AndroidManifest.xml:82:25-79
99
100                <category android:name="android.intent.category.DEFAULT" />
100-->src/main/AndroidManifest.xml:84:17-76
100-->src/main/AndroidManifest.xml:84:27-73
101            </intent-filter>
102        </receiver>
103
104        <service
104-->src/main/AndroidManifest.xml:99:9-101:72
105            android:name="com.sombersoft.slacklog.ChangelogService"
105-->src/main/AndroidManifest.xml:100:13-68
106            android:permission="android.permission.BIND_JOB_SERVICE" />
106-->src/main/AndroidManifest.xml:101:13-69
107        <service
107-->src/main/AndroidManifest.xml:102:9-104:72
108            android:name="com.sombersoft.slacklog.MultilibService"
108-->src/main/AndroidManifest.xml:103:13-67
109            android:permission="android.permission.BIND_JOB_SERVICE" />
109-->src/main/AndroidManifest.xml:104:13-69
110        <service
110-->[com.evernote:android-job:1.2.5] AndroidManifest.xml:17:9-20:72
111            android:name="com.evernote.android.job.v21.PlatformJobService"
111-->[com.evernote:android-job:1.2.5] AndroidManifest.xml:18:13-75
112            android:exported="false"
112-->[com.evernote:android-job:1.2.5] AndroidManifest.xml:19:13-37
113            android:permission="android.permission.BIND_JOB_SERVICE" />
113-->[com.evernote:android-job:1.2.5] AndroidManifest.xml:20:13-69
114        <service
114-->[com.evernote:android-job:1.2.5] AndroidManifest.xml:21:9-24:72
115            android:name="com.evernote.android.job.v14.PlatformAlarmService"
115-->[com.evernote:android-job:1.2.5] AndroidManifest.xml:22:13-77
116            android:exported="false"
116-->[com.evernote:android-job:1.2.5] AndroidManifest.xml:23:13-37
117            android:permission="android.permission.BIND_JOB_SERVICE" />
117-->[com.evernote:android-job:1.2.5] AndroidManifest.xml:24:13-69
118        <service
118-->[com.evernote:android-job:1.2.5] AndroidManifest.xml:25:9-27:40
119            android:name="com.evernote.android.job.v14.PlatformAlarmServiceExact"
119-->[com.evernote:android-job:1.2.5] AndroidManifest.xml:26:13-82
120            android:exported="false" />
120-->[com.evernote:android-job:1.2.5] AndroidManifest.xml:27:13-37
121
122        <receiver
122-->[com.evernote:android-job:1.2.5] AndroidManifest.xml:29:9-38:20
123            android:name="com.evernote.android.job.v14.PlatformAlarmReceiver"
123-->[com.evernote:android-job:1.2.5] AndroidManifest.xml:30:13-78
124            android:exported="false" >
124-->[com.evernote:android-job:1.2.5] AndroidManifest.xml:31:13-37
125            <intent-filter>
125-->[com.evernote:android-job:1.2.5] AndroidManifest.xml:32:13-37:29
126
127                <!-- Keep the filter for legacy intents -->
128                <action android:name="com.evernote.android.job.v14.RUN_JOB" />
128-->[com.evernote:android-job:1.2.5] AndroidManifest.xml:35:17-79
128-->[com.evernote:android-job:1.2.5] AndroidManifest.xml:35:25-76
129                <action android:name="net.vrallev.android.job.v14.RUN_JOB" />
129-->[com.evernote:android-job:1.2.5] AndroidManifest.xml:36:17-78
129-->[com.evernote:android-job:1.2.5] AndroidManifest.xml:36:25-75
130            </intent-filter>
131        </receiver>
132        <receiver
132-->[com.evernote:android-job:1.2.5] AndroidManifest.xml:39:9-48:20
133            android:name="com.evernote.android.job.JobBootReceiver"
133-->[com.evernote:android-job:1.2.5] AndroidManifest.xml:40:13-68
134            android:exported="false" >
134-->[com.evernote:android-job:1.2.5] AndroidManifest.xml:41:13-37
135            <intent-filter>
135-->[com.evernote:android-job:1.2.5] AndroidManifest.xml:42:13-47:29
136                <action android:name="android.intent.action.BOOT_COMPLETED" />
136-->src/main/AndroidManifest.xml:81:17-79
136-->src/main/AndroidManifest.xml:81:25-76
137                <action android:name="android.intent.action.QUICKBOOT_POWERON" />
137-->src/main/AndroidManifest.xml:82:17-82
137-->src/main/AndroidManifest.xml:82:25-79
138                <action android:name="com.htc.intent.action.QUICKBOOT_POWERON" />
138-->[com.evernote:android-job:1.2.5] AndroidManifest.xml:45:17-82
138-->[com.evernote:android-job:1.2.5] AndroidManifest.xml:45:25-79
139                <action android:name="android.intent.action.MY_PACKAGE_REPLACED" />
139-->[com.evernote:android-job:1.2.5] AndroidManifest.xml:46:17-84
139-->[com.evernote:android-job:1.2.5] AndroidManifest.xml:46:25-81
140            </intent-filter>
141        </receiver>
142
143        <service
143-->[com.evernote:android-job:1.2.5] AndroidManifest.xml:50:9-58:19
144            android:name="com.evernote.android.job.gcm.PlatformGcmService"
144-->[com.evernote:android-job:1.2.5] AndroidManifest.xml:51:13-75
145            android:enabled="false"
145-->[com.evernote:android-job:1.2.5] AndroidManifest.xml:52:13-36
146            android:exported="true"
146-->[com.evernote:android-job:1.2.5] AndroidManifest.xml:53:13-36
147            android:permission="com.google.android.gms.permission.BIND_NETWORK_TASK_SERVICE" >
147-->[com.evernote:android-job:1.2.5] AndroidManifest.xml:54:13-93
148            <intent-filter>
148-->[com.evernote:android-job:1.2.5] AndroidManifest.xml:55:13-57:29
149                <action android:name="com.google.android.gms.gcm.ACTION_TASK_READY" />
149-->[com.evernote:android-job:1.2.5] AndroidManifest.xml:56:17-87
149-->[com.evernote:android-job:1.2.5] AndroidManifest.xml:56:25-84
150            </intent-filter>
151        </service>
152        <service
152-->[com.evernote:android-job:1.2.5] AndroidManifest.xml:59:9-62:72
153            android:name="com.evernote.android.job.JobRescheduleService"
153-->[com.evernote:android-job:1.2.5] AndroidManifest.xml:60:13-73
154            android:exported="false"
154-->[com.evernote:android-job:1.2.5] AndroidManifest.xml:61:13-37
155            android:permission="android.permission.BIND_JOB_SERVICE" />
155-->[com.evernote:android-job:1.2.5] AndroidManifest.xml:62:13-69
156    </application>
157
158</manifest>